This file contains any messages produced by compilers while
running configure, to aid debugging if configure makes a mistake.

It was created by GNU C Library configure (see version.h), which was
generated by GNU Autoconf 2.69.  Invocation command line was

  $ ../src/configure --prefix=/usr --host=x86_64-noel-linux-gnu --build=x86_64-noel-linux-gnu --with-headers=/storage/altroot/netbsd-on-linux//usr/include

## --------- ##
## Platform. ##
## --------- ##

hostname = yavin
uname -m = x86_64
uname -r = 4.19.0-13-amd64
uname -s = Linux
uname -v = #1 SMP Debian 4.19.160-2 (2020-11-28)

/usr/bin/uname -p = unknown
/bin/uname -X     = unknown

/bin/arch              = x86_64
/usr/bin/arch -k       = unknown
/usr/convex/getsysinfo = unknown
/usr/bin/hostinfo      = unknown
/bin/machine           = unknown
/usr/bin/oslevel       = unknown
/bin/universe          = unknown

PATH: /usr/local/bin
PATH: /usr/bin
PATH: /bin
PATH: /usr/local/games
PATH: /usr/games
PATH: /sbin
PATH: /usr/sbin
PATH: /usr/local/sbin
PATH: /home/scott/Documents/Programs/netbsd-on-linux/bootstrap/tools/usr/bin
PATH: /home/scott/Documents/Programs/netbsd-on-linux/bootstrap/tools/bin


## ----------- ##
## Core tests. ##
## ----------- ##

configure:2209: checking build system type
configure:2223: result: x86_64-noel-linux-gnu
configure:2243: checking host system type
configure:2256: result: x86_64-noel-linux-gnu
configure:2285: checking for x86_64-noel-linux-gnu-gcc
configure:2301: found /home/scott/Documents/Programs/netbsd-on-linux/bootstrap/tools/bin/x86_64-noel-linux-gnu-gcc
configure:2312: result: x86_64-noel-linux-gnu-gcc
configure:2581: checking for C compiler version
configure:2590: x86_64-noel-linux-gnu-gcc --version >&5
x86_64-noel-linux-gnu-gcc (GCC) 10.2.0
Copyright (C) 2020 Free Software Foundation, Inc.
This is free software; see the source for copying conditions.  There is NO
warranty; not even for MERCHANTABILITY or FITNESS FOR A PARTICULAR PURPOSE.

configure:2601: $? = 0
configure:2590: x86_64-noel-linux-gnu-gcc -v >&5
Using built-in specs.
COLLECT_GCC=x86_64-noel-linux-gnu-gcc
COLLECT_LTO_WRAPPER=/storage/data/Documents/Programs/netbsd-on-linux/bootstrap/tools/bin/../libexec/gcc/x86_64-noel-linux-gnu/10.2.0/lto-wrapper
Target: x86_64-noel-linux-gnu
Configured with: ../gcc-10.2.0/configure --prefix=/home/scott/Documents/Programs/netbsd-on-linux/bootstrap/tools --with-sysroot=/storage/altroot/netbsd-on-linux/ --target=x86_64-noel-linux-gnu --disable-multilib --enable-languages=c,c++
Thread model: posix
Supported LTO compression algorithms: zlib
gcc version 10.2.0 (GCC) 
configure:2601: $? = 0
configure:2590: x86_64-noel-linux-gnu-gcc -V >&5
x86_64-noel-linux-gnu-gcc: error: unrecognized command-line option '-V'
x86_64-noel-linux-gnu-gcc: fatal error: no input files
compilation terminated.
configure:2601: $? = 1
configure:2590: x86_64-noel-linux-gnu-gcc -qversion >&5
x86_64-noel-linux-gnu-gcc: error: unrecognized command-line option '-qversion'; did you mean '--version'?
x86_64-noel-linux-gnu-gcc: fatal error: no input files
compilation terminated.
configure:2601: $? = 1
configure:2606: checking for suffix of object files
configure:2628: x86_64-noel-linux-gnu-gcc -c   conftest.c >&5
configure:2632: $? = 0
configure:2653: result: o
configure:2657: checking whether we are using the GNU C compiler
configure:2676: x86_64-noel-linux-gnu-gcc -c   conftest.c >&5
configure:2676: $? = 0
configure:2685: result: yes
configure:2694: checking whether x86_64-noel-linux-gnu-gcc accepts -g
configure:2714: x86_64-noel-linux-gnu-gcc -c -g  conftest.c >&5
configure:2714: $? = 0
configure:2755: result: yes
configure:2835: checking for x86_64-noel-linux-gnu-readelf
configure:2851: found /home/scott/Documents/Programs/netbsd-on-linux/bootstrap/tools/bin/x86_64-noel-linux-gnu-readelf
configure:2862: result: x86_64-noel-linux-gnu-readelf
configure:2940: checking for x86_64-noel-linux-gnu-g++
configure:2956: found /home/scott/Documents/Programs/netbsd-on-linux/bootstrap/tools/bin/x86_64-noel-linux-gnu-g++
configure:2967: result: x86_64-noel-linux-gnu-g++
configure:3038: checking for C++ compiler version
configure:3047: x86_64-noel-linux-gnu-g++ --version >&5
x86_64-noel-linux-gnu-g++ (GCC) 10.2.0
Copyright (C) 2020 Free Software Foundation, Inc.
This is free software; see the source for copying conditions.  There is NO
warranty; not even for MERCHANTABILITY or FITNESS FOR A PARTICULAR PURPOSE.

configure:3058: $? = 0
configure:3047: x86_64-noel-linux-gnu-g++ -v >&5
Using built-in specs.
COLLECT_GCC=x86_64-noel-linux-gnu-g++
COLLECT_LTO_WRAPPER=/storage/data/Documents/Programs/netbsd-on-linux/bootstrap/tools/bin/../libexec/gcc/x86_64-noel-linux-gnu/10.2.0/lto-wrapper
Target: x86_64-noel-linux-gnu
Configured with: ../gcc-10.2.0/configure --prefix=/home/scott/Documents/Programs/netbsd-on-linux/bootstrap/tools --with-sysroot=/storage/altroot/netbsd-on-linux/ --target=x86_64-noel-linux-gnu --disable-multilib --enable-languages=c,c++
Thread model: posix
Supported LTO compression algorithms: zlib
gcc version 10.2.0 (GCC) 
configure:3058: $? = 0
configure:3047: x86_64-noel-linux-gnu-g++ -V >&5
x86_64-noel-linux-gnu-g++: error: unrecognized command-line option '-V'
x86_64-noel-linux-gnu-g++: fatal error: no input files
compilation terminated.
configure:3058: $? = 1
configure:3047: x86_64-noel-linux-gnu-g++ -qversion >&5
x86_64-noel-linux-gnu-g++: error: unrecognized command-line option '-qversion'; did you mean '--version'?
x86_64-noel-linux-gnu-g++: fatal error: no input files
compilation terminated.
configure:3058: $? = 1
configure:3062: checking whether we are using the GNU C++ compiler
configure:3081: x86_64-noel-linux-gnu-g++ -c   conftest.cpp >&5
configure:3081: $? = 0
configure:3090: result: yes
configure:3099: checking whether x86_64-noel-linux-gnu-g++ accepts -g
configure:3119: x86_64-noel-linux-gnu-g++ -c -g  conftest.cpp >&5
configure:3119: $? = 0
configure:3160: result: yes
configure:3185: checking whether x86_64-noel-linux-gnu-g++ can link programs
configure:3208: x86_64-noel-linux-gnu-g++ -o conftest -g -O2   conftest.cpp  >&5
/storage/data/Documents/Programs/netbsd-on-linux/bootstrap/tools/bin/../lib/gcc/x86_64-noel-linux-gnu/10.2.0/../../../../x86_64-noel-linux-gnu/bin/ld: cannot find crt1.o: No such file or directory
/storage/data/Documents/Programs/netbsd-on-linux/bootstrap/tools/bin/../lib/gcc/x86_64-noel-linux-gnu/10.2.0/../../../../x86_64-noel-linux-gnu/bin/ld: cannot find crti.o: No such file or directory
/storage/data/Documents/Programs/netbsd-on-linux/bootstrap/tools/bin/../lib/gcc/x86_64-noel-linux-gnu/10.2.0/../../../../x86_64-noel-linux-gnu/bin/ld: cannot find -lm
collect2: error: ld returned 1 exit status
configure:3208: $? = 1
configure: failed program was:
| /* confdefs.h */
| #define PACKAGE_NAME "GNU C Library"
| #define PACKAGE_TARNAME "glibc"
| #define PACKAGE_VERSION "(see version.h)"
| #define PACKAGE_STRING "GNU C Library (see version.h)"
| #define PACKAGE_BUGREPORT "https://sourceware.org/bugzilla/"
| #define PACKAGE_URL "https://www.gnu.org/software/glibc/"
| #define PKGVERSION "(GNU libc) "
| #define REPORT_BUGS_TO "<https://www.gnu.org/software/libc/bugs.html>"
| /* end confdefs.h.  */
| 
| int
| main ()
| {
| 
|   ;
|   return 0;
| }
configure:3231: x86_64-noel-linux-gnu-g++ -o conftest -g -O2   -static conftest.cpp  >&5
In file included from /storage/data/Documents/Programs/netbsd-on-linux/bootstrap/tools/x86_64-noel-linux-gnu/include/c++/10.2.0/x86_64-noel-linux-gnu/bits/c++config.h:518,
                 from /storage/data/Documents/Programs/netbsd-on-linux/bootstrap/tools/x86_64-noel-linux-gnu/include/c++/10.2.0/iostream:38,
                 from conftest.cpp:12:
/storage/data/Documents/Programs/netbsd-on-linux/bootstrap/tools/x86_64-noel-linux-gnu/include/c++/10.2.0/x86_64-noel-linux-gnu/bits/os_defines.h:39:10: fatal error: features.h: No such file or directory
   39 | #include <features.h>
      |          ^~~~~~~~~~~~
compilation terminated.
configure:3231: $? = 1
configure: failed program was:
| /* confdefs.h */
| #define PACKAGE_NAME "GNU C Library"
| #define PACKAGE_TARNAME "glibc"
| #define PACKAGE_VERSION "(see version.h)"
| #define PACKAGE_STRING "GNU C Library (see version.h)"
| #define PACKAGE_BUGREPORT "https://sourceware.org/bugzilla/"
| #define PACKAGE_URL "https://www.gnu.org/software/glibc/"
| #define PKGVERSION "(GNU libc) "
| #define REPORT_BUGS_TO "<https://www.gnu.org/software/libc/bugs.html>"
| /* end confdefs.h.  */
| 
| #include <iostream>
| 
| int
| main()
| {
|   std::cout << "Hello, world!";
|   return 0;
| }
| 
configure:3246: result: no
configure:3775: x86_64-noel-linux-gnu-gcc -c -g -O2  conftest.c >&5
conftest.c: In function 'main':
conftest.c:18:3: error: #error no CET compiler support
   18 | # error no CET compiler support
      |   ^~~~~
configure:3775: $? = 1
configure: failed program was:
| /* confdefs.h */
| #define PACKAGE_NAME "GNU C Library"
| #define PACKAGE_TARNAME "glibc"
| #define PACKAGE_VERSION "(see version.h)"
| #define PACKAGE_STRING "GNU C Library (see version.h)"
| #define PACKAGE_BUGREPORT "https://sourceware.org/bugzilla/"
| #define PACKAGE_URL "https://www.gnu.org/software/glibc/"
| #define PKGVERSION "(GNU libc) "
| #define REPORT_BUGS_TO "<https://www.gnu.org/software/libc/bugs.html>"
| #define HAVE_TUNABLES 1
| /* end confdefs.h.  */
| 
| int
| main ()
| {
| 
| #ifndef __CET__
| # error no CET compiler support
| #endif
|   ;
|   return 0;
| }
configure:3834: checking for sysdeps preconfigure fragments
configure:6: checking for grep that handles long lines and -e
configure:64: result: /usr/bin/grep
configure:69: checking for egrep
configure:131: result: /usr/bin/grep -E
configure:6: checking for grep that handles long lines and -e
configure:64: result: /usr/bin/grep
configure:69: checking for egrep
configure:131: result: /usr/bin/grep -E
configure:9: checking whether x86_64-noel-linux-gnu-gcc compiles in -mx32 mode by default
configure:27: x86_64-noel-linux-gnu-gcc -c -g -O2  conftest.c >&5
conftest.c:13:3: error: #error not x32
   13 | # error not x32
      |   ^~~~~
configure:27: $? = 1
configure: failed program was:
| /* confdefs.h */
| #define PACKAGE_NAME "GNU C Library"
| #define PACKAGE_TARNAME "glibc"
| #define PACKAGE_VERSION "(see version.h)"
| #define PACKAGE_STRING "GNU C Library (see version.h)"
| #define PACKAGE_BUGREPORT "https://sourceware.org/bugzilla/"
| #define PACKAGE_URL "https://www.gnu.org/software/glibc/"
| #define PKGVERSION "(GNU libc) "
| #define REPORT_BUGS_TO "<https://www.gnu.org/software/libc/bugs.html>"
| #define HAVE_TUNABLES 1
| /* end confdefs.h.  */
| #ifndef __ILP32__
| # error not x32
| #endif
| int
| main ()
| {
| 
|   ;
|   return 0;
| }
configure:34: result: no
configure:3841: result: 
configure:3871: checking for use of fpu sysdeps directories
configure:3890: result: yes
configure:3894: checking for -fstack-protector
configure:3900: x86_64-noel-linux-gnu-gcc -g -O2  -Werror -fstack-protector -xc /dev/null -S -o /dev/null
configure:3903: $? = 0
configure:3911: result: yes
configure:3914: checking for -fstack-protector-strong
configure:3920: x86_64-noel-linux-gnu-gcc -g -O2  -Werror -fstack-protector-strong -xc /dev/null -S -o /dev/null
configure:3923: $? = 0
configure:3931: result: yes
configure:3934: checking for -fstack-protector-all
configure:3940: x86_64-noel-linux-gnu-gcc -g -O2  -Werror -fstack-protector-all -xc /dev/null -S -o /dev/null
configure:3943: $? = 0
configure:3951: result: yes
configure:3994: checking for assembler and linker STT_GNU_IFUNC support

Relocation section '.rela.plt' at offset 0x150 contains 1 entry:
  Offset          Info           Type           Sym. Value    Sym. Name + Addend
000000401000  000000000025 R_X86_64_IRELATIV                    401000
configure:4025: result: yes
configure:4029: checking for gcc attribute ifunc support
configure:4055: result: yes
configure:4060: checking whether the linker supports textrels along with ifunc
configure:4090: x86_64-noel-linux-gnu-gcc -g -O2   -nostartfiles -nostdlib -fno-stack-protector -pie -o conftest conftest.S
/storage/data/Documents/Programs/netbsd-on-linux/bootstrap/tools/bin/../lib/gcc/x86_64-noel-linux-gnu/10.2.0/../../../../x86_64-noel-linux-gnu/bin/ld: /tmp/cctJmlk2.o: warning: relocation against `address' in read-only section `.text'
/storage/data/Documents/Programs/netbsd-on-linux/bootstrap/tools/bin/../lib/gcc/x86_64-noel-linux-gnu/10.2.0/../../../../x86_64-noel-linux-gnu/bin/ld: warning: GNU indirect functions with DT_TEXTREL may result in a segfault at runtime; recompile with -fPIE
/storage/data/Documents/Programs/netbsd-on-linux/bootstrap/tools/bin/../lib/gcc/x86_64-noel-linux-gnu/10.2.0/../../../../x86_64-noel-linux-gnu/bin/ld: warning: creating DT_TEXTREL in a PIE
configure:4093: $? = 0
configure:4100: result: yes
configure:4105: checking if compiler warns about alias for function with incompatible types
conftest.c:9:34: error: 'foo_alias' alias between functions of incompatible types 'int(const void *, int)' and 'int (*(void))(const void *, int)' [-Werror=attribute-alias=]
    9 | extern __typeof (__redirect_foo) foo_alias __attribute__ ((alias ("foo")));
      |                                  ^~~~~~~~~
conftest.c:4:28: note: aliased declaration here
    4 | __typeof (__redirect_foo) *foo_impl (void)
      |                            ^~~~~~~~
cc1: all warnings being treated as errors
configure:4127: result: yes
configure:4165: checking sysdep dirs
configure:4363: result: sysdeps/generic
configure:4383: checking for a BSD-compatible install
configure:4451: result: /usr/bin/install -c
configure:4466: checking whether ln -s works
configure:4470: result: yes
configure:4496: checking whether /storage/data/Documents/Programs/netbsd-on-linux/bootstrap/tools/bin/../lib/gcc/x86_64-noel-linux-gnu/10.2.0/../../../../x86_64-noel-linux-gnu/bin/as is GNU as
configure:4510: result: yes
configure:4515: checking whether /storage/data/Documents/Programs/netbsd-on-linux/bootstrap/tools/bin/../lib/gcc/x86_64-noel-linux-gnu/10.2.0/../../../../x86_64-noel-linux-gnu/bin/ld is GNU ld
configure:4529: result: yes
configure:4539: checking for /storage/data/Documents/Programs/netbsd-on-linux/bootstrap/tools/bin/../lib/gcc/x86_64-noel-linux-gnu/10.2.0/../../../../x86_64-noel-linux-gnu/bin/as
configure:4566: result: /storage/data/Documents/Programs/netbsd-on-linux/bootstrap/tools/bin/../lib/gcc/x86_64-noel-linux-gnu/10.2.0/../../../../x86_64-noel-linux-gnu/bin/as
configure:4581: checking version of /storage/data/Documents/Programs/netbsd-on-linux/bootstrap/tools/bin/../lib/gcc/x86_64-noel-linux-gnu/10.2.0/../../../../x86_64-noel-linux-gnu/bin/as
configure:4591: result: 2.36, ok
configure:4669: checking for /storage/data/Documents/Programs/netbsd-on-linux/bootstrap/tools/bin/../lib/gcc/x86_64-noel-linux-gnu/10.2.0/../../../../x86_64-noel-linux-gnu/bin/ld
configure:4696: result: /storage/data/Documents/Programs/netbsd-on-linux/bootstrap/tools/bin/../lib/gcc/x86_64-noel-linux-gnu/10.2.0/../../../../x86_64-noel-linux-gnu/bin/ld
configure:4711: checking version of /storage/data/Documents/Programs/netbsd-on-linux/bootstrap/tools/bin/../lib/gcc/x86_64-noel-linux-gnu/10.2.0/../../../../x86_64-noel-linux-gnu/bin/ld
configure:4721: result: 2.36, ok
configure:4736: checking for gnumake
configure:4766: result: no
configure:4736: checking for gmake
configure:4766: result: no
configure:4736: checking for make
configure:4752: found /usr/bin/make
configure:4763: result: make
configure:4778: checking version of make
configure:4788: result: 4.2.1, ok
configure:4800: checking for gnumsgfmt
configure:4830: result: no
configure:4800: checking for gmsgfmt
configure:4830: result: no
configure:4800: checking for msgfmt
configure:4830: result: no
configure:4863: checking for makeinfo
configure:4893: result: no
configure:4926: checking for sed
configure:4942: found /usr/bin/sed
configure:4953: result: sed
configure:4968: checking version of sed
configure:4978: result: 4.7, ok
configure:4989: checking for gawk
configure:5005: found /usr/bin/gawk
configure:5016: result: gawk
configure:5031: checking version of gawk
configure:5041: result: 4.2.1, ok
configure:5052: checking for bison
configure:5068: found /usr/bin/bison
configure:5079: result: bison
configure:5094: checking version of bison
configure:5104: result: 3.3.2, ok
configure:5112: checking if x86_64-noel-linux-gnu-gcc is sufficient to build libc
configure:5132: x86_64-noel-linux-gnu-gcc -c -g -O2  conftest.c >&5
configure:5132: $? = 0
configure:5139: result: yes
configure:5148: checking for x86_64-noel-linux-gnu-nm
configure:5164: found /home/scott/Documents/Programs/netbsd-on-linux/bootstrap/tools/bin/x86_64-noel-linux-gnu-nm
configure:5175: result: x86_64-noel-linux-gnu-nm
configure:5313: checking for python3
configure:5329: found /usr/bin/python3
configure:5340: result: python3
configure:5355: checking version of python3
configure:5365: result: 3.7.3, ok
configure:5382: WARNING:
*** These auxiliary programs are missing or incompatible versions: msgfmt makeinfo
*** some features or tests will be disabled.
*** Check the INSTALL file for required versions.
configure:5433: checking LD_LIBRARY_PATH variable
configure:5443: result: ok
configure:5454: checking for bash
configure:5472: found /usr/bin/bash
configure:5485: result: /usr/bin/bash
configure:5496: checking for perl
configure:5514: found /usr/bin/perl
configure:5527: result: /usr/bin/perl
configure:5541: checking for install-info
configure:5573: result: no
configure:5582: checking for .set assembler directive
configure:5608: result: yes
configure:5615: checking linker support for protected data symbol
configure:5625: x86_64-noel-linux-gnu-gcc -nostdlib -nostartfiles -fno-stack-protector -fPIC -shared conftest.c -o conftest.so
configure:5628: $? = 0
configure:5635: x86_64-noel-linux-gnu-gcc -nostdlib -nostartfiles -fno-stack-protector conftest.c -o conftest conftest.so
/storage/data/Documents/Programs/netbsd-on-linux/bootstrap/tools/bin/../lib/gcc/x86_64-noel-linux-gnu/10.2.0/../../../../x86_64-noel-linux-gnu/bin/ld: warning: cannot find entry symbol _start; defaulting to 0000000000401000
configure:5638: $? = 0
configure:5646: result: yes
configure:5650: checking linker support for INSERT in linker script
configure:5668: x86_64-noel-linux-gnu-gcc -nostdlib -nostartfiles -fno-stack-protector -fPIC -shared conftest.c -Wl,-T,conftest.t -o conftest.so
configure:5671: $? = 0
configure:5678: result: yes
configure:5682: checking for broken __attribute__((alias()))
configure:5697: x86_64-noel-linux-gnu-gcc -Werror -S conftest.c -o conftest.s 1>&5
configure:5700: $? = 0
configure:5710: result: no
configure:5716: checking whether to put _rtld_local into .sdata section
configure:5730: result: no
configure:5737: checking for libunwind-support in compiler
configure:5754: result: no
configure:5763: checking whether --noexecstack is desirable for .S files
configure:5773: x86_64-noel-linux-gnu-gcc -g -O2 
		   -S -o conftest.s conftest.c 1>&5
configure:5776: $? = 0
configure:5781: x86_64-noel-linux-gnu-gcc  -Wa,--noexecstack
		      -c -o conftest.o conftest.s 1>&5
configure:5784: $? = 0
configure:5793: result: yes
configure:5800: checking for -z combreloc
configure:5814: x86_64-noel-linux-gnu-gcc -g -O2  
			-fPIC -shared -fno-stack-protector -o conftest.so conftest.c
			-nostdlib -nostartfiles
			-Wl,-z,combreloc 1>&5
configure:5817: $? = 0
configure:5830: result: yes
configure:5838: checking for linker that supports -z execstack
configure:5851: x86_64-noel-linux-gnu-gcc -g -O2   -fno-stack-protector
				-Wl,-z,execstack -nostdlib -nostartfiles
				-fPIC -shared -o conftest.so conftest.c
				1>&5
configure:5854: $? = 0
configure:5867: result: yes
configure:5871: checking for linker that supports --no-dynamic-linker
configure:5884: x86_64-noel-linux-gnu-gcc -g -O2   -fno-stack-protector
				-Wl,--no-dynamic-linker -nostdlib -nostartfiles
				-fPIC -shared -o conftest.so conftest.c
				1>&5
configure:5887: $? = 0
configure:5900: result: yes
configure:5905: checking for -static-pie
configure:5911: x86_64-noel-linux-gnu-gcc -static-pie -xc /dev/null -S -o /dev/null
configure:5914: $? = 0
configure:5922: result: yes
configure:5927: checking for -fpie
configure:5933: x86_64-noel-linux-gnu-gcc -fpie -xc /dev/null -S -o /dev/null
configure:5936: $? = 0
configure:5944: result: yes
configure:5949: checking for --hash-style option
configure:5960: x86_64-noel-linux-gnu-gcc -g -O2   -fno-stack-protector
			    -fPIC -shared -o conftest.so conftest.c
			    -Wl,--hash-style=both -nostdlib 1>&5
configure:5963: $? = 0
configure:5972: result: yes
configure:5980: checking for sufficient default -shared layout
configure:5999:   x86_64-noel-linux-gnu-gcc  -shared -o conftest.so conftest.s 1>&5
/storage/data/Documents/Programs/netbsd-on-linux/bootstrap/tools/bin/../lib/gcc/x86_64-noel-linux-gnu/10.2.0/../../../../x86_64-noel-linux-gnu/bin/ld: cannot find crti.o: No such file or directory
collect2: error: ld returned 1 exit status
configure:6002: $? = 1
configure:6034: result: no
configure:6039: checking for GLOB_DAT reloc
configure:6052: x86_64-noel-linux-gnu-gcc -g -O2  
			-fPIC -shared -o conftest.so conftest.c
			-nostdlib -nostartfiles -fno-stack-protector
			1>&5
configure:6055: $? = 0
configure:6068: result: yes
configure:6072: checking for -fno-toplevel-reorder -fno-section-anchors
configure:6082: x86_64-noel-linux-gnu-gcc -g -O2  -S -fno-toplevel-reorder -fno-section-anchors
			    conftest.c 1>&5
configure:6085: $? = 0
configure:6094: result: yes
configure:6103: checking for -mtls-dialect=gnu2
configure:6117: x86_64-noel-linux-gnu-gcc -g -O2  -S -fPIC -mtls-dialect=gnu2
		   conftest.c 1>&5
configure:6120: $? = 0
configure:6129: result: yes
configure:6135: checking whether cc puts quotes around section names
configure:6156: result: no
configure:6163: checking for __builtin_memset
configure:6175: x86_64-noel-linux-gnu-gcc -O3 -S conftest.c -o - | grep -F memset > /dev/null
configure:6178: $? = 1
configure:6187: result: yes
configure:6194: checking for redirection of built-in functions
configure:6207: x86_64-noel-linux-gnu-gcc -O3 -S conftest.c -o - | grep -F my_strstr > /dev/null
configure:6210: $? = 0
configure:6219: result: yes
configure:6225: checking for compiler option to disable generation of FMA instructions
configure:6233: x86_64-noel-linux-gnu-gcc -ffp-contract=off -xc /dev/null -S -o /dev/null
configure:6236: $? = 0
configure:6242: result: -ffp-contract=off
configure:6275: checking if x86_64-noel-linux-gnu-gcc accepts -fno-tree-loop-distribute-patterns with __attribute__ ((__optimize__))
configure:6288: x86_64-noel-linux-gnu-gcc -g -O2  -c conftest.c
configure:6291: $? = 0
configure:6298: result: yes
configure:6306: checking for libgd
configure:6326: x86_64-noel-linux-gnu-gcc -o conftest -g -O2     conftest.c  -lgd -lpng -lz -lm >&5
conftest.c:19:10: fatal error: gd.h: No such file or directory
   19 | #include <gd.h>
      |          ^~~~~~
compilation terminated.
configure:6326: $? = 1
configure: failed program was:
| /* confdefs.h */
| #define PACKAGE_NAME "GNU C Library"
| #define PACKAGE_TARNAME "glibc"
| #define PACKAGE_VERSION "(see version.h)"
| #define PACKAGE_STRING "GNU C Library (see version.h)"
| #define PACKAGE_BUGREPORT "https://sourceware.org/bugzilla/"
| #define PACKAGE_URL "https://www.gnu.org/software/glibc/"
| #define PKGVERSION "(GNU libc) "
| #define REPORT_BUGS_TO "<https://www.gnu.org/software/libc/bugs.html>"
| #define HAVE_TUNABLES 1
| #define HAVE_CC_NO_STACK_PROTECTOR 1
| #define STACK_PROTECTOR_LEVEL 0
| #define USE_MULTIARCH 1
| #define HAVE_ASM_SET_DIRECTIVE 1
| #define HAVE_Z_COMBRELOC 1
| #define HAVE_BUILTIN_MEMSET 1
| #define HAVE_CC_INHIBIT_LOOP_TO_LIBCALL 1
| /* end confdefs.h.  */
| #include <gd.h>
| int
| main ()
| {
| gdImagePng (0, 0)
|   ;
|   return 0;
| }
configure:6339: result: no
configure:6348: checking for is_selinux_enabled in -lselinux
configure:6373: x86_64-noel-linux-gnu-gcc -o conftest -g -O2   conftest.c -lselinux   >&5
/storage/data/Documents/Programs/netbsd-on-linux/bootstrap/tools/bin/../lib/gcc/x86_64-noel-linux-gnu/10.2.0/../../../../x86_64-noel-linux-gnu/bin/ld: cannot find crt1.o: No such file or directory
/storage/data/Documents/Programs/netbsd-on-linux/bootstrap/tools/bin/../lib/gcc/x86_64-noel-linux-gnu/10.2.0/../../../../x86_64-noel-linux-gnu/bin/ld: cannot find crti.o: No such file or directory
/storage/data/Documents/Programs/netbsd-on-linux/bootstrap/tools/bin/../lib/gcc/x86_64-noel-linux-gnu/10.2.0/../../../../x86_64-noel-linux-gnu/bin/ld: cannot find -lselinux
collect2: error: ld returned 1 exit status
configure:6373: $? = 1
configure: failed program was:
| /* confdefs.h */
| #define PACKAGE_NAME "GNU C Library"
| #define PACKAGE_TARNAME "glibc"
| #define PACKAGE_VERSION "(see version.h)"
| #define PACKAGE_STRING "GNU C Library (see version.h)"
| #define PACKAGE_BUGREPORT "https://sourceware.org/bugzilla/"
| #define PACKAGE_URL "https://www.gnu.org/software/glibc/"
| #define PKGVERSION "(GNU libc) "
| #define REPORT_BUGS_TO "<https://www.gnu.org/software/libc/bugs.html>"
| #define HAVE_TUNABLES 1
| #define HAVE_CC_NO_STACK_PROTECTOR 1
| #define STACK_PROTECTOR_LEVEL 0
| #define USE_MULTIARCH 1
| #define HAVE_ASM_SET_DIRECTIVE 1
| #define HAVE_Z_COMBRELOC 1
| #define HAVE_BUILTIN_MEMSET 1
| #define HAVE_CC_INHIBIT_LOOP_TO_LIBCALL 1
| /* end confdefs.h.  */
| 
| /* Override any GCC internal prototype to avoid an error.
|    Use char because int might match the return type of a GCC
|    builtin and then its argument prototype would still apply.  */
| #ifdef __cplusplus
| extern "C"
| #endif
| char is_selinux_enabled ();
| int
| main ()
| {
| return is_selinux_enabled ();
|   ;
|   return 0;
| }
configure:6382: result: no
configure:6505: checking for _FORTIFY_SOURCE predefine
configure:6524: x86_64-noel-linux-gnu-gcc -c -g -O2  conftest.c >&5
configure:6524: $? = 0
configure:6531: result: no
configure:6541: checking whether the linker provides working __ehdr_start
configure:6564: x86_64-noel-linux-gnu-gcc -o conftest -g -O2 -fPIC   -nostdlib -nostartfiles -shared -fno-stack-protector conftest.c  >&5
configure:6564: $? = 0
configure:6580: result: yes
configure:6590: checking for __builtin_trap with no external dependencies
configure:6607: x86_64-noel-linux-gnu-gcc -c -g -O2  conftest.c >&5
configure:6607: $? = 0
libc_undefs=''
configure:6621: result: yes
configure:6635: checking whether the C++ compiler supports thread_local
configure:6663:  -c -g -O2 -std=gnu++11  conftest.cpp >&5
../src/configure: line 1629: -c: command not found
configure:6663: $? = 127
configure: failed program was:
| /* confdefs.h */
| #define PACKAGE_NAME "GNU C Library"
| #define PACKAGE_TARNAME "glibc"
| #define PACKAGE_VERSION "(see version.h)"
| #define PACKAGE_STRING "GNU C Library (see version.h)"
| #define PACKAGE_BUGREPORT "https://sourceware.org/bugzilla/"
| #define PACKAGE_URL "https://www.gnu.org/software/glibc/"
| #define PKGVERSION "(GNU libc) "
| #define REPORT_BUGS_TO "<https://www.gnu.org/software/libc/bugs.html>"
| #define HAVE_TUNABLES 1
| #define HAVE_CC_NO_STACK_PROTECTOR 1
| #define STACK_PROTECTOR_LEVEL 0
| #define USE_MULTIARCH 1
| #define HAVE_ASM_SET_DIRECTIVE 1
| #define HAVE_Z_COMBRELOC 1
| #define HAVE_BUILTIN_MEMSET 1
| #define HAVE_CC_INHIBIT_LOOP_TO_LIBCALL 1
| #define HAVE_EHDR_START 1
| #define HAVE_BUILTIN_TRAP 1
| /* end confdefs.h.  */
| 
| #include <thread>
| 
| // Compiler support.
| struct S
| {
|   S ();
|   ~S ();
| };
| thread_local S s;
| S * get () { return &s; }
| 
| // libstdc++ support.
| #ifndef _GLIBCXX_HAVE___CXA_THREAD_ATEXIT_IMPL
| #error __cxa_thread_atexit_impl not supported
| #endif
| 
configure:6672: result: no
configure:6702: result: running configure fragment for sysdeps/unix/sysv/linux/x86_64/64
configure:6702: result: running configure fragment for sysdeps/unix/sysv/linux/x86_64
configure:6702: result: running configure fragment for sysdeps/unix/sysv/linux
configure:9: checking installed Linux kernel header files
configure:28: x86_64-noel-linux-gnu-gcc -c -g -O2  -nostdinc -isystem /storage/data/Documents/Programs/netbsd-on-linux/bootstrap/tools/bin/../lib/gcc/x86_64-noel-linux-gnu/10.2.0/include -isystem /storage/data/Documents/Programs/netbsd-on-linux/bootstrap/tools/bin/../lib/gcc/x86_64-noel-linux-gnu/10.2.0/include-fixed -isystem /storage/altroot/netbsd-on-linux//usr/include conftest.c >&5
configure:28: $? = 0
configure:35: result: 3.2.0 or later
configure:69: checking for kernel header at least 3.2.0
configure:87: x86_64-noel-linux-gnu-gcc -c -g -O2  -nostdinc -isystem /storage/data/Documents/Programs/netbsd-on-linux/bootstrap/tools/bin/../lib/gcc/x86_64-noel-linux-gnu/10.2.0/include -isystem /storage/data/Documents/Programs/netbsd-on-linux/bootstrap/tools/bin/../lib/gcc/x86_64-noel-linux-gnu/10.2.0/include-fixed -isystem /storage/altroot/netbsd-on-linux//usr/include conftest.c >&5
configure:87: $? = 0
configure:93: result: ok
configure:142: checking for symlinks in /usr/include
configure:159: result: ok
configure:6702: result: running configure fragment for sysdeps/gnu
configure:6702: result: running configure fragment for sysdeps/x86_64
configure:4: checking for AVX512DQ support in assembler
configure:13: x86_64-noel-linux-gnu-gcc -c  conftest.s 1>&5
configure:16: $? = 0
configure:24: result: yes
configure:31: checking for AVX512 support
configure:37: x86_64-noel-linux-gnu-gcc -mavx512f -xc /dev/null -S -o /dev/null
configure:40: $? = 0
configure:48: result: yes
configure:57: checking -mprefer-vector-width=128
configure:63: x86_64-noel-linux-gnu-gcc -mprefer-vector-width=128 -xc /dev/null -S -o /dev/null
configure:66: $? = 0
configure:74: result: yes
configure:79: checking for Intel MPX support
configure:88: x86_64-noel-linux-gnu-gcc -c  conftest.s 1>&5
configure:91: $? = 0
configure:99: result: yes
configure:6702: result: running configure fragment for sysdeps/x86
configure:73: checking for linker x86 ISA level support
configure:130: x86_64-noel-linux-gnu-gcc -g -O2  -nostartfiles -nostdlib -r -o conftest conftest1.S conftest2.S
configure:133: $? = 0
configure:142: result: yes
configure:6765: checking whether -fPIC is default
configure:6781: result: no
configure:6785: checking whether -fPIE is default
configure:6801: result: no
configure:6960: creating ./config.status

## ---------------------- ##
## Running config.status. ##
## ---------------------- ##

This file was extended by GNU C Library config.status (see version.h), which was
generated by GNU Autoconf 2.69.  Invocation command line was

  CONFIG_FILES    = 
  CONFIG_HEADERS  = 
  CONFIG_LINKS    = 
  CONFIG_COMMANDS = 
  $ ./config.status 

on yavin

config.status:958: creating config.make
config.status:958: creating Makefile
config.status:958: creating config.h
config.status:1118: config.h is unchanged
config.status:1132: executing default commands

## ---------------- ##
## Cache variables. ##
## ---------------- ##

ac_cv_build=x86_64-noel-linux-gnu
ac_cv_c_compiler_gnu=yes
ac_cv_cxx_compiler_gnu=yes
ac_cv_env_CCC_set=
ac_cv_env_CCC_value=
ac_cv_env_CC_set=
ac_cv_env_CC_value=
ac_cv_env_CFLAGS_set=
ac_cv_env_CFLAGS_value=
ac_cv_env_CPPFLAGS_set=
ac_cv_env_CPPFLAGS_value=
ac_cv_env_CPP_set=
ac_cv_env_CPP_value=
ac_cv_env_CXXFLAGS_set=
ac_cv_env_CXXFLAGS_value=
ac_cv_env_CXX_set=
ac_cv_env_CXX_value=
ac_cv_env_LDFLAGS_set=
ac_cv_env_LDFLAGS_value=
ac_cv_env_LIBS_set=
ac_cv_env_LIBS_value=
ac_cv_env_build_alias_set=set
ac_cv_env_build_alias_value=x86_64-noel-linux-gnu
ac_cv_env_host_alias_set=set
ac_cv_env_host_alias_value=x86_64-noel-linux-gnu
ac_cv_env_target_alias_set=
ac_cv_env_target_alias_value=
ac_cv_host=x86_64-noel-linux-gnu
ac_cv_lib_selinux_is_selinux_enabled=no
ac_cv_objext=o
ac_cv_path_BASH_SHELL=/usr/bin/bash
ac_cv_path_EGREP='/usr/bin/grep -E'
ac_cv_path_GREP=/usr/bin/grep
ac_cv_path_INSTALL_INFO=no
ac_cv_path_PERL=/usr/bin/perl
ac_cv_path_install='/usr/bin/install -c'
ac_cv_prog_AS=/storage/data/Documents/Programs/netbsd-on-linux/bootstrap/tools/bin/../lib/gcc/x86_64-noel-linux-gnu/10.2.0/../../../../x86_64-noel-linux-gnu/bin/as
ac_cv_prog_AWK=gawk
ac_cv_prog_BISON=bison
ac_cv_prog_CC=x86_64-noel-linux-gnu-gcc
ac_cv_prog_CXX=x86_64-noel-linux-gnu-g++
ac_cv_prog_LD=/storage/data/Documents/Programs/netbsd-on-linux/bootstrap/tools/bin/../lib/gcc/x86_64-noel-linux-gnu/10.2.0/../../../../x86_64-noel-linux-gnu/bin/ld
ac_cv_prog_MAKE=make
ac_cv_prog_NM=x86_64-noel-linux-gnu-nm
ac_cv_prog_PYTHON_PROG=python3
ac_cv_prog_READELF=x86_64-noel-linux-gnu-readelf
ac_cv_prog_SED=sed
ac_cv_prog_cc_g=yes
ac_cv_prog_cxx_g=yes
libc_cv_as_noexecstack=yes
libc_cv_asm_avx512dq=yes
libc_cv_asm_mpx=yes
libc_cv_asm_set_directive=yes
libc_cv_broken_alias_attribute=no
libc_cv_builtin_trap=yes
libc_cv_cc_avx512=yes
libc_cv_cc_loop_to_function=yes
libc_cv_cc_mprefer_vector_width=yes
libc_cv_cc_nofma=-ffp-contract=off
libc_cv_cc_pie_default=no
libc_cv_cc_with_libunwind=no
libc_cv_compiler_default_cet=no
libc_cv_compiler_ok=yes
libc_cv_complocaledir='${exec_prefix}/lib/locale'
libc_cv_cxx_link_ok=no
libc_cv_cxx_thread_local=no
libc_cv_ehdr_start=yes
libc_cv_fno_toplevel_reorder=yes
libc_cv_fpie=yes
libc_cv_gcc_builtin_memset=yes
libc_cv_gcc_builtin_redirection=yes
libc_cv_gcc_incompatible_alias=yes
libc_cv_gcc_indirect_function=yes
libc_cv_gcc_unwind_find_fde=no
libc_cv_has_glob_dat=yes
libc_cv_hashstyle=yes
libc_cv_have_sdata_section=no
libc_cv_have_section_quotes=no
libc_cv_idn=no
libc_cv_include_x86_isa_level=yes
libc_cv_insert=yes
libc_cv_ld_gnu_indirect_function=yes
libc_cv_linux320='3.2.0 or later'
libc_cv_localstatedir=/var
libc_cv_mtls_dialect_gnu2=yes
libc_cv_multidir=.
libc_cv_no_dynamic_linker=yes
libc_cv_nss_crypt=no
libc_cv_pic_default=no
libc_cv_pie_default=no
libc_cv_predef_fortify_source=no
libc_cv_prog_as_gnu=yes
libc_cv_prog_ld_gnu=yes
libc_cv_protected_data=yes
libc_cv_rootsbindir=/sbin
libc_cv_rtlddir=/lib64
libc_cv_slibdir=/lib64
libc_cv_ssp=yes
libc_cv_ssp_all=yes
libc_cv_ssp_strong=yes
libc_cv_static_nss_crypt=no
libc_cv_static_pie=yes
libc_cv_sysconfdir=/etc
libc_cv_textrel_ifunc=yes
libc_cv_use_default_link=no
libc_cv_with_fp=yes
libc_cv_x32=no
libc_cv_z_combreloc=yes
libc_cv_z_execstack=yes

## ----------------- ##
## Output variables. ##
## ----------------- ##

AR='/storage/data/Documents/Programs/netbsd-on-linux/bootstrap/tools/bin/../lib/gcc/x86_64-noel-linux-gnu/10.2.0/../../../../x86_64-noel-linux-gnu/bin/ar'
AS='/storage/data/Documents/Programs/netbsd-on-linux/bootstrap/tools/bin/../lib/gcc/x86_64-noel-linux-gnu/10.2.0/../../../../x86_64-noel-linux-gnu/bin/as'
ASFLAGS_config=' -Wa,--noexecstack'
AUTOCONF='no'
AWK='gawk'
BASH_SHELL='/usr/bin/bash'
BISON='bison'
BUILD_CC=''
CC='x86_64-noel-linux-gnu-gcc'
CFLAGS='-g -O2'
CPP='x86_64-noel-linux-gnu-gcc -E'
CPPFLAGS=''
CPPUNDEFS=''
CXX=''
CXXFLAGS='-g -O2'
CXX_BITS_STD_ABS_H=''
CXX_CMATH_HEADER=''
CXX_CSTDLIB_HEADER=''
CXX_SYSINCLUDES=''
DEFINES=''
DEFS='-DHAVE_CONFIG_H'
ECHO_C=''
ECHO_N='-n'
ECHO_T=''
GPROF='gprof'
INSTALL_DATA='${INSTALL} -m 644'
INSTALL_INFO='no'
INSTALL_PROGRAM='${INSTALL}'
INSTALL_SCRIPT='${INSTALL}'
LD='/storage/data/Documents/Programs/netbsd-on-linux/bootstrap/tools/bin/../lib/gcc/x86_64-noel-linux-gnu/10.2.0/../../../../x86_64-noel-linux-gnu/bin/ld'
LDFLAGS=''
LIBGD='no'
LIBOBJS=''
LIBS=''
LN_S='ln -s'
LTLIBOBJS=''
MAKE='make'
MAKEINFO=':'
MSGFMT=':'
NM='x86_64-noel-linux-gnu-nm'
OBJCOPY='/storage/data/Documents/Programs/netbsd-on-linux/bootstrap/tools/bin/../lib/gcc/x86_64-noel-linux-gnu/10.2.0/../../../../x86_64-noel-linux-gnu/bin/objcopy'
OBJDUMP='/storage/data/Documents/Programs/netbsd-on-linux/bootstrap/tools/bin/../lib/gcc/x86_64-noel-linux-gnu/10.2.0/../../../../x86_64-noel-linux-gnu/bin/objdump'
OBJEXT='o'
PACKAGE_BUGREPORT='https://sourceware.org/bugzilla/'
PACKAGE_NAME='GNU C Library'
PACKAGE_STRING='GNU C Library (see version.h)'
PACKAGE_TARNAME='glibc'
PACKAGE_URL='https://www.gnu.org/software/glibc/'
PACKAGE_VERSION='(see version.h)'
PATH_SEPARATOR=':'
PERL='/usr/bin/perl'
PKGVERSION='(GNU libc) '
PKGVERSION_TEXI='(GNU libc) '
PYTHON='python3 -B'
PYTHON_PROG='python3'
READELF='x86_64-noel-linux-gnu-readelf'
RELEASE='release'
REPORT_BUGS_TEXI='@uref{https://www.gnu.org/software/libc/bugs.html}'
REPORT_BUGS_TO='<https://www.gnu.org/software/libc/bugs.html>'
SED='sed'
SHELL='/bin/bash'
SYSINCLUDES='-nostdinc -isystem /storage/data/Documents/Programs/netbsd-on-linux/bootstrap/tools/bin/../lib/gcc/x86_64-noel-linux-gnu/10.2.0/include -isystem /storage/data/Documents/Programs/netbsd-on-linux/bootstrap/tools/bin/../lib/gcc/x86_64-noel-linux-gnu/10.2.0/include-fixed -isystem /storage/altroot/netbsd-on-linux//usr/include'
VERSION='2.33'
ac_ct_CC=''
ac_ct_CXX=''
all_warnings=''
base_machine='x86_64'
bindir='${exec_prefix}/bin'
bindnow='no'
build='x86_64-noel-linux-gnu'
build_alias='x86_64-noel-linux-gnu'
build_cpu='x86_64'
build_crypt='yes'
build_nscd='yes'
build_os='linux-gnu'
build_pt_chown='no'
build_vendor='noel'
cross_compiling='no'
datadir='${datarootdir}'
datarootdir='${prefix}/share'
docdir='${datarootdir}/doc/${PACKAGE_TARNAME}'
dvidir='${docdir}'
enable_timezone_tools='yes'
enable_werror='yes'
exec_prefix='${prefix}'
experimental_malloc='yes'
extra_nonshared_cflags=''
fno_unit_at_a_time='-fno-toplevel-reorder -fno-section-anchors'
force_install='yes'
hardcoded_path_in_tests='no'
have_libaudit=''
have_libcap=''
have_selinux='no'
have_tunables='yes'
host='x86_64-noel-linux-gnu'
host_alias='x86_64-noel-linux-gnu'
host_cpu='x86_64'
host_os='linux-gnu'
host_vendor='noel'
htmldir='${docdir}'
includedir='${prefix}/include'
infodir='${datarootdir}/info'
ldd_rewrite_script='sysdeps/unix/sysv/linux/x86_64/ldd-rewrite.sed'
libc_cv_cc_loop_to_function='yes'
libc_cv_cc_nofma='-ffp-contract=off'
libc_cv_cc_pie_default='no'
libc_cv_cc_submachine=''
libc_cv_cc_with_libunwind='no'
libc_cv_complocaledir='${exec_prefix}/lib/locale'
libc_cv_cxx_thread_local='no'
libc_cv_fpie='yes'
libc_cv_gcc_unwind_find_fde='no'
libc_cv_has_glob_dat='yes'
libc_cv_hashstyle='yes'
libc_cv_insert='yes'
libc_cv_localstatedir='/var'
libc_cv_mtls_dialect_gnu2='yes'
libc_cv_multidir='.'
libc_cv_nss_crypt='no'
libc_cv_pic_default='no'
libc_cv_pie_default='no'
libc_cv_protected_data='yes'
libc_cv_rootsbindir='/sbin'
libc_cv_rtlddir='/lib64'
libc_cv_slibdir='/lib64'
libc_cv_ssp='yes'
libc_cv_static_nss_crypt='no'
libc_cv_sysconfdir='/etc'
libc_cv_textrel_ifunc='yes'
libc_cv_with_fp='yes'
libc_cv_z_combreloc='yes'
libc_cv_z_execstack='yes'
libc_extra_cflags=''
libc_extra_cppflags=''
libdir='${exec_prefix}/lib64'
libexecdir='${exec_prefix}/libexec'
localedir='${datarootdir}/locale'
localstatedir='${prefix}/var'
mach_interface_list=''
mandir='${datarootdir}/man'
memory_tagging='no'
multi_arch='default'
no_stack_protector='-fno-stack-protector -DSTACK_PROTECTOR_LEVEL=0'
oldincludedir='/usr/include'
pdfdir='${docdir}'
prefix='/usr'
profile='no'
program_transform_name='s,x,x,'
psdir='${docdir}'
sbindir='${exec_prefix}/sbin'
shared='yes'
sharedstatedir='${prefix}/com'
stack_protector='-fno-stack-protector'
static=''
static_nss='no'
subdirs=' '
submachine=''
sysconfdir='${prefix}/etc'
sysheaders='/storage/altroot/netbsd-on-linux//usr/include'
sysnames=' sysdeps/unix/sysv/linux/x86_64/64 sysdeps/unix/sysv/linux/x86_64 sysdeps/unix/sysv/linux/x86 sysdeps/x86/nptl sysdeps/unix/sysv/linux/wordsize-64 sysdeps/x86_64/nptl sysdeps/unix/sysv/linux sysdeps/nptl sysdeps/pthread sysdeps/gnu sysdeps/unix/inet sysdeps/unix/sysv sysdeps/unix/x86_64 sysdeps/unix sysdeps/posix sysdeps/x86_64/64 sysdeps/x86_64/fpu/multiarch sysdeps/x86_64/fpu sysdeps/x86/fpu sysdeps/x86_64/multiarch sysdeps/x86_64 sysdeps/x86 sysdeps/ieee754/float128 sysdeps/ieee754/ldbl-96 sysdeps/ieee754/dbl-64 sysdeps/ieee754/flt-32 sysdeps/wordsize-64 sysdeps/ieee754 sysdeps/generic'
target_alias=''
use_default_link='no'
use_ldconfig='yes'
use_nscd='yes'

## ----------- ##
## confdefs.h. ##
## ----------- ##

/* confdefs.h */
#define PACKAGE_NAME "GNU C Library"
#define PACKAGE_TARNAME "glibc"
#define PACKAGE_VERSION "(see version.h)"
#define PACKAGE_STRING "GNU C Library (see version.h)"
#define PACKAGE_BUGREPORT "https://sourceware.org/bugzilla/"
#define PACKAGE_URL "https://www.gnu.org/software/glibc/"
#define PKGVERSION "(GNU libc) "
#define REPORT_BUGS_TO "<https://www.gnu.org/software/libc/bugs.html>"
#define HAVE_TUNABLES 1
#define HAVE_CC_NO_STACK_PROTECTOR 1
#define STACK_PROTECTOR_LEVEL 0
#define USE_MULTIARCH 1
#define HAVE_ASM_SET_DIRECTIVE 1
#define HAVE_Z_COMBRELOC 1
#define HAVE_BUILTIN_MEMSET 1
#define HAVE_CC_INHIBIT_LOOP_TO_LIBCALL 1
#define HAVE_EHDR_START 1
#define HAVE_BUILTIN_TRAP 1
#define __LINUX_KERNEL_VERSION (3 * 65536 + 2 * 256 + 0)
#define __ABI_TAG_VERSION 3,2,0
#define HAVE_INLINED_SYSCALLS 1
#define HAVE_AVX512DQ_ASM_SUPPORT 1
#define HAVE_AVX512_SUPPORT 1
#define HAVE_MPX_SUPPORT 1
#define PI_STATIC_AND_HIDDEN 1
#define SUPPORT_STATIC_PIE 1
#define INCLUDE_X86_ISA_LEVEL 1
#define HAVE_IFUNC 1
#define HAVE_GCC_IFUNC 1
#define USE_NSCD 1
#define USE_LDCONFIG 1

configure: exit 0
